[0.108s] Invoking command in '/home/seunghoon/Documents/BYJ-6axis/ros2_ws/build/writer': CMAKE_PREFIX_PATH=${CMAKE_PREFIX_PATH}:/home/seunghoon/Documents/BYJ-6axis/ros2_ws/install/sensor:/opt/ros/humble /usr/bin/cmake --build /home/seunghoon/Documents/BYJ-6axis/ros2_ws/build/writer -- -j24 -l24
[0.138s] [35m[1mConsolidate compiler generated dependencies of target ur_rtde_node[0m
[0.144s] [ 25%] [32mBuilding CXX object CMakeFiles/writer_v2.dir/src/writer_v2.cpp.o[0m
[0.153s] [ 75%] Built target ur_rtde_node
[3.780s] [100%] [32m[1mLinking CXX executable writer_v2[0m
[3.963s] [100%] Built target writer_v2
[3.969s] Invoked command in '/home/seunghoon/Documents/BYJ-6axis/ros2_ws/build/writer' returned '0': CMAKE_PREFIX_PATH=${CMAKE_PREFIX_PATH}:/home/seunghoon/Documents/BYJ-6axis/ros2_ws/install/sensor:/opt/ros/humble /usr/bin/cmake --build /home/seunghoon/Documents/BYJ-6axis/ros2_ws/build/writer -- -j24 -l24
[3.974s] Invoking command in '/home/seunghoon/Documents/BYJ-6axis/ros2_ws/build/writer': CMAKE_PREFIX_PATH=${CMAKE_PREFIX_PATH}:/home/seunghoon/Documents/BYJ-6axis/ros2_ws/install/sensor:/opt/ros/humble /usr/bin/cmake --install /home/seunghoon/Documents/BYJ-6axis/ros2_ws/build/writer
[3.982s] -- Install configuration: ""
[3.982s] -- Up-to-date: /home/seunghoon/Documents/BYJ-6axis/ros2_ws/install/writer/lib/writer/ur_rtde_node
[3.983s] -- Installing: /home/seunghoon/Documents/BYJ-6axis/ros2_ws/install/writer/lib/writer/writer_v2
[3.987s] -- Set runtime path of "/home/seunghoon/Documents/BYJ-6axis/ros2_ws/install/writer/lib/writer/writer_v2" to ""
[3.987s] -- Up-to-date: /home/seunghoon/Documents/BYJ-6axis/ros2_ws/install/writer/share/ament_index/resource_index/package_run_dependencies/writer
[3.987s] -- Up-to-date: /home/seunghoon/Documents/BYJ-6axis/ros2_ws/install/writer/share/ament_index/resource_index/parent_prefix_path/writer
[3.988s] -- Up-to-date: /home/seunghoon/Documents/BYJ-6axis/ros2_ws/install/writer/share/writer/environment/ament_prefix_path.sh
[3.988s] -- Up-to-date: /home/seunghoon/Documents/BYJ-6axis/ros2_ws/install/writer/share/writer/environment/ament_prefix_path.dsv
[3.988s] -- Up-to-date: /home/seunghoon/Documents/BYJ-6axis/ros2_ws/install/writer/share/writer/environment/path.sh
[3.988s] -- Up-to-date: /home/seunghoon/Documents/BYJ-6axis/ros2_ws/install/writer/share/writer/environment/path.dsv
[3.988s] -- Up-to-date: /home/seunghoon/Documents/BYJ-6axis/ros2_ws/install/writer/share/writer/local_setup.bash
[3.988s] -- Up-to-date: /home/seunghoon/Documents/BYJ-6axis/ros2_ws/install/writer/share/writer/local_setup.sh
[3.988s] -- Up-to-date: /home/seunghoon/Documents/BYJ-6axis/ros2_ws/install/writer/share/writer/local_setup.zsh
[3.988s] -- Up-to-date: /home/seunghoon/Documents/BYJ-6axis/ros2_ws/install/writer/share/writer/local_setup.dsv
[3.988s] -- Installing: /home/seunghoon/Documents/BYJ-6axis/ros2_ws/install/writer/share/writer/package.dsv
[3.988s] -- Up-to-date: /home/seunghoon/Documents/BYJ-6axis/ros2_ws/install/writer/share/ament_index/resource_index/packages/writer
[3.988s] -- Up-to-date: /home/seunghoon/Documents/BYJ-6axis/ros2_ws/install/writer/share/writer/cmake/writerConfig.cmake
[3.988s] -- Up-to-date: /home/seunghoon/Documents/BYJ-6axis/ros2_ws/install/writer/share/writer/cmake/writerConfig-version.cmake
[3.988s] -- Up-to-date: /home/seunghoon/Documents/BYJ-6axis/ros2_ws/install/writer/share/writer/package.xml
[3.991s] Invoked command in '/home/seunghoon/Documents/BYJ-6axis/ros2_ws/build/writer' returned '0': CMAKE_PREFIX_PATH=${CMAKE_PREFIX_PATH}:/home/seunghoon/Documents/BYJ-6axis/ros2_ws/install/sensor:/opt/ros/humble /usr/bin/cmake --install /home/seunghoon/Documents/BYJ-6axis/ros2_ws/build/writer
