[0.047s] DEBUG:colcon:Command line arguments: ['/usr/bin/colcon', 'build']
[0.047s] DEBUG:colcon:Parsed command line arguments: Namespace(log_base=None, log_level=None, verb_name='build', build_base='build', install_base='install', merge_install=False, symlink_install=False, test_result_base=None, continue_on_error=False, executor='parallel', parallel_workers=24, event_handlers=None, ignore_user_meta=False, metas=['./colcon.meta'], base_paths=['.'], packages_ignore=None, packages_ignore_regex=None, paths=None, packages_up_to=None, packages_up_to_regex=None, packages_above=None, packages_above_and_dependencies=None, packages_above_depth=None, packages_select_by_dep=None, packages_skip_by_dep=None, packages_skip_up_to=None, packages_select_build_failed=False, packages_skip_build_finished=False, packages_select_test_failures=False, packages_skip_test_passed=False, packages_select=None, packages_skip=None, packages_select_regex=None, packages_skip_regex=None, packages_start=None, packages_end=None, allow_overriding=[], cmake_args=None, cmake_target=None, cmake_target_skip_unavailable=False, cmake_clean_cache=False, cmake_clean_first=False, cmake_force_configure=False, ament_cmake_args=None, catkin_cmake_args=None, catkin_skip_building_tests=False, verb_parser=<colcon_defaults.argument_parser.defaults.DefaultArgumentsDecorator object at 0x79bd65b59420>, verb_extension=<colcon_core.verb.build.BuildVerb object at 0x79bd65c46f20>, main=<bound method BuildVerb.main of <colcon_core.verb.build.BuildVerb object at 0x79bd65c46f20>>)
[0.066s] Level 1:colcon.colcon_core.package_discovery:discover_packages(colcon_meta) check parameters
[0.066s] Level 1:colcon.colcon_core.package_discovery:discover_packages(recursive) check parameters
[0.066s] Level 1:colcon.colcon_core.package_discovery:discover_packages(ignore) check parameters
[0.066s] Level 1:colcon.colcon_core.package_discovery:discover_packages(path) check parameters
[0.066s] Level 1:colcon.colcon_core.package_discovery:discover_packages(colcon_meta) discover
[0.066s] Level 1:colcon.colcon_core.package_discovery:discover_packages(recursive) discover
[0.066s] INFO:colcon.colcon_core.package_discovery:Crawling recursively for packages in '/home/seunghoon/Documents/BYJ-6axis/ros2_ws'
[0.066s] Level 1:colcon.colcon_core.package_identification:_identify(.) by extensions ['ignore', 'ignore_ament_install']
[0.066s] Level 1:colcon.colcon_core.package_identification:_identify(.) by extension 'ignore'
[0.066s] Level 1:colcon.colcon_core.package_identification:_identify(.) by extension 'ignore_ament_install'
[0.066s] Level 1:colcon.colcon_core.package_identification:_identify(.) by extensions ['colcon_pkg']
[0.066s] Level 1:colcon.colcon_core.package_identification:_identify(.) by extension 'colcon_pkg'
[0.066s] Level 1:colcon.colcon_core.package_identification:_identify(.) by extensions ['colcon_meta']
[0.066s] Level 1:colcon.colcon_core.package_identification:_identify(.) by extension 'colcon_meta'
[0.066s] Level 1:colcon.colcon_core.package_identification:_identify(.) by extensions ['ros']
[0.066s] Level 1:colcon.colcon_core.package_identification:_identify(.) by extension 'ros'
[0.078s] Level 1:colcon.colcon_core.package_identification:_identify(.) by extensions ['cmake', 'python']
[0.078s] Level 1:colcon.colcon_core.package_identification:_identify(.) by extension 'cmake'
[0.078s] Level 1:colcon.colcon_core.package_identification:_identify(.) by extension 'python'
[0.078s] Level 1:colcon.colcon_core.package_identification:_identify(.) by extensions ['python_setup_py']
[0.078s] Level 1:colcon.colcon_core.package_identification:_identify(.) by extension 'python_setup_py'
[0.078s] Level 1:colcon.colcon_core.package_identification:_identify(build) by extensions ['ignore', 'ignore_ament_install']
[0.078s] Level 1:colcon.colcon_core.package_identification:_identify(build) by extension 'ignore'
[0.078s] Level 1:colcon.colcon_core.package_identification:_identify(build) ignored
[0.079s] Level 1:colcon.colcon_core.package_identification:_identify(install) by extensions ['ignore', 'ignore_ament_install']
[0.079s] Level 1:colcon.colcon_core.package_identification:_identify(install) by extension 'ignore'
[0.079s] Level 1:colcon.colcon_core.package_identification:_identify(install) ignored
[0.079s] Level 1:colcon.colcon_core.package_identification:_identify(log) by extensions ['ignore', 'ignore_ament_install']
[0.079s] Level 1:colcon.colcon_core.package_identification:_identify(log) by extension 'ignore'
[0.079s] Level 1:colcon.colcon_core.package_identification:_identify(log) ignored
[0.079s] Level 1:colcon.colcon_core.package_identification:_identify(src) by extensions ['ignore', 'ignore_ament_install']
[0.079s] Level 1:colcon.colcon_core.package_identification:_identify(src) by extension 'ignore'
[0.079s] Level 1:colcon.colcon_core.package_identification:_identify(src) by extension 'ignore_ament_install'
[0.079s] Level 1:colcon.colcon_core.package_identification:_identify(src) by extensions ['colcon_pkg']
[0.079s] Level 1:colcon.colcon_core.package_identification:_identify(src) by extension 'colcon_pkg'
[0.079s] Level 1:colcon.colcon_core.package_identification:_identify(src) by extensions ['colcon_meta']
[0.079s] Level 1:colcon.colcon_core.package_identification:_identify(src) by extension 'colcon_meta'
[0.079s] Level 1:colcon.colcon_core.package_identification:_identify(src) by extensions ['ros']
[0.079s] Level 1:colcon.colcon_core.package_identification:_identify(src) by extension 'ros'
[0.079s] Level 1:colcon.colcon_core.package_identification:_identify(src) by extensions ['cmake', 'python']
[0.079s] Level 1:colcon.colcon_core.package_identification:_identify(src) by extension 'cmake'
[0.079s] Level 1:colcon.colcon_core.package_identification:_identify(src) by extension 'python'
[0.079s] Level 1:colcon.colcon_core.package_identification:_identify(src) by extensions ['python_setup_py']
[0.079s] Level 1:colcon.colcon_core.package_identification:_identify(src) by extension 'python_setup_py'
[0.079s] Level 1:colcon.colcon_core.package_identification:_identify(src/sensor) by extensions ['ignore', 'ignore_ament_install']
[0.079s] Level 1:colcon.colcon_core.package_identification:_identify(src/sensor) by extension 'ignore'
[0.079s] Level 1:colcon.colcon_core.package_identification:_identify(src/sensor) by extension 'ignore_ament_install'
[0.079s] Level 1:colcon.colcon_core.package_identification:_identify(src/sensor) by extensions ['colcon_pkg']
[0.079s] Level 1:colcon.colcon_core.package_identification:_identify(src/sensor) by extension 'colcon_pkg'
[0.079s] Level 1:colcon.colcon_core.package_identification:_identify(src/sensor) by extensions ['colcon_meta']
[0.079s] Level 1:colcon.colcon_core.package_identification:_identify(src/sensor) by extension 'colcon_meta'
[0.079s] Level 1:colcon.colcon_core.package_identification:_identify(src/sensor) by extensions ['ros']
[0.079s] Level 1:colcon.colcon_core.package_identification:_identify(src/sensor) by extension 'ros'
[0.080s] DEBUG:colcon.colcon_core.package_identification:Package 'src/sensor' with type 'ros.ament_python' and name 'sensor'
[0.080s] Level 1:colcon.colcon_core.package_identification:_identify(src/writer) by extensions ['ignore', 'ignore_ament_install']
[0.080s] Level 1:colcon.colcon_core.package_identification:_identify(src/writer) by extension 'ignore'
[0.080s] Level 1:colcon.colcon_core.package_identification:_identify(src/writer) by extension 'ignore_ament_install'
[0.080s] Level 1:colcon.colcon_core.package_identification:_identify(src/writer) by extensions ['colcon_pkg']
[0.080s] Level 1:colcon.colcon_core.package_identification:_identify(src/writer) by extension 'colcon_pkg'
[0.080s] Level 1:colcon.colcon_core.package_identification:_identify(src/writer) by extensions ['colcon_meta']
[0.080s] Level 1:colcon.colcon_core.package_identification:_identify(src/writer) by extension 'colcon_meta'
[0.080s] Level 1:colcon.colcon_core.package_identification:_identify(src/writer) by extensions ['ros']
[0.080s] Level 1:colcon.colcon_core.package_identification:_identify(src/writer) by extension 'ros'
[0.081s] DEBUG:colcon.colcon_core.package_identification:Package 'src/writer' with type 'ros.ament_cmake' and name 'writer'
[0.081s] Level 1:colcon.colcon_core.package_discovery:discover_packages(recursive) using defaults
[0.081s] Level 1:colcon.colcon_core.package_discovery:discover_packages(ignore) discover
[0.081s] Level 1:colcon.colcon_core.package_discovery:discover_packages(ignore) using defaults
[0.081s] Level 1:colcon.colcon_core.package_discovery:discover_packages(path) discover
[0.081s] Level 1:colcon.colcon_core.package_discovery:discover_packages(path) using defaults
[0.089s] Level 1:colcon.colcon_core.package_discovery:discover_packages(prefix_path) check parameters
[0.090s] Level 1:colcon.colcon_core.package_discovery:discover_packages(prefix_path) discover
[0.090s] DEBUG:colcon.colcon_installed_package_information.package_discovery:Found 2 installed packages in /home/seunghoon/Documents/BYJ-6axis/ros2_ws/install
[0.091s] DEBUG:colcon.colcon_installed_package_information.package_discovery:Found 273 installed packages in /opt/ros/humble
[0.092s] Level 1:colcon.colcon_core.package_discovery:discover_packages(prefix_path) using defaults
[0.106s] Level 5:colcon.colcon_core.verb:set package 'sensor' build argument 'cmake_args' from command line to 'None'
[0.106s] Level 5:colcon.colcon_core.verb:set package 'sensor' build argument 'cmake_target' from command line to 'None'
[0.106s] Level 5:colcon.colcon_core.verb:set package 'sensor' build argument 'cmake_target_skip_unavailable' from command line to 'False'
[0.106s] Level 5:colcon.colcon_core.verb:set package 'sensor' build argument 'cmake_clean_cache' from command line to 'False'
[0.106s] Level 5:colcon.colcon_core.verb:set package 'sensor' build argument 'cmake_clean_first' from command line to 'False'
[0.106s] Level 5:colcon.colcon_core.verb:set package 'sensor' build argument 'cmake_force_configure' from command line to 'False'
[0.106s] Level 5:colcon.colcon_core.verb:set package 'sensor' build argument 'ament_cmake_args' from command line to 'None'
[0.106s] Level 5:colcon.colcon_core.verb:set package 'sensor' build argument 'catkin_cmake_args' from command line to 'None'
[0.106s] Level 5:colcon.colcon_core.verb:set package 'sensor' build argument 'catkin_skip_building_tests' from command line to 'False'
[0.106s] DEBUG:colcon.colcon_core.verb:Building package 'sensor' with the following arguments: {'ament_cmake_args': None, 'build_base': '/home/seunghoon/Documents/BYJ-6axis/ros2_ws/build/sensor', 'catkin_cmake_args': None, 'catkin_skip_building_tests': False, 'cmake_args': None, 'cmake_clean_cache': False, 'cmake_clean_first': False, 'cmake_force_configure': False, 'cmake_target': None, 'cmake_target_skip_unavailable': False, 'install_base': '/home/seunghoon/Documents/BYJ-6axis/ros2_ws/install/sensor', 'merge_install': False, 'path': '/home/seunghoon/Documents/BYJ-6axis/ros2_ws/src/sensor', 'symlink_install': False, 'test_result_base': None}
[0.106s] Level 5:colcon.colcon_core.verb:set package 'writer' build argument 'cmake_args' from command line to 'None'
[0.106s] Level 5:colcon.colcon_core.verb:set package 'writer' build argument 'cmake_target' from command line to 'None'
[0.106s] Level 5:colcon.colcon_core.verb:set package 'writer' build argument 'cmake_target_skip_unavailable' from command line to 'False'
[0.106s] Level 5:colcon.colcon_core.verb:set package 'writer' build argument 'cmake_clean_cache' from command line to 'False'
[0.106s] Level 5:colcon.colcon_core.verb:set package 'writer' build argument 'cmake_clean_first' from command line to 'False'
[0.106s] Level 5:colcon.colcon_core.verb:set package 'writer' build argument 'cmake_force_configure' from command line to 'False'
[0.106s] Level 5:colcon.colcon_core.verb:set package 'writer' build argument 'ament_cmake_args' from command line to 'None'
[0.106s] Level 5:colcon.colcon_core.verb:set package 'writer' build argument 'catkin_cmake_args' from command line to 'None'
[0.106s] Level 5:colcon.colcon_core.verb:set package 'writer' build argument 'catkin_skip_building_tests' from command line to 'False'
[0.106s] DEBUG:colcon.colcon_core.verb:Building package 'writer' with the following arguments: {'ament_cmake_args': None, 'build_base': '/home/seunghoon/Documents/BYJ-6axis/ros2_ws/build/writer', 'catkin_cmake_args': None, 'catkin_skip_building_tests': False, 'cmake_args': None, 'cmake_clean_cache': False, 'cmake_clean_first': False, 'cmake_force_configure': False, 'cmake_target': None, 'cmake_target_skip_unavailable': False, 'install_base': '/home/seunghoon/Documents/BYJ-6axis/ros2_ws/install/writer', 'merge_install': False, 'path': '/home/seunghoon/Documents/BYJ-6axis/ros2_ws/src/writer', 'symlink_install': False, 'test_result_base': None}
[0.106s] INFO:colcon.colcon_core.executor:Executing jobs using 'parallel' executor
[0.107s] DEBUG:colcon.colcon_parallel_executor.executor.parallel:run_until_complete
[0.107s] INFO:colcon.colcon_ros.task.ament_python.build:Building ROS package in '/home/seunghoon/Documents/BYJ-6axis/ros2_ws/src/sensor' with build type 'ament_python'
[0.107s] Level 1:colcon.colcon_core.shell:create_environment_hook('sensor', 'ament_prefix_path')
[0.108s] INFO:colcon.colcon_core.plugin_system:Skipping extension 'colcon_core.shell.bat': Not used on non-Windows systems
[0.108s] INFO:colcon.colcon_core.shell:Creating environment hook '/home/seunghoon/Documents/BYJ-6axis/ros2_ws/install/sensor/share/sensor/hook/ament_prefix_path.ps1'
[0.108s] INFO:colcon.colcon_core.shell:Creating environment descriptor '/home/seunghoon/Documents/BYJ-6axis/ros2_ws/install/sensor/share/sensor/hook/ament_prefix_path.dsv'
[0.108s] INFO:colcon.colcon_core.shell:Creating environment hook '/home/seunghoon/Documents/BYJ-6axis/ros2_ws/install/sensor/share/sensor/hook/ament_prefix_path.sh'
[0.109s] INFO:colcon.colcon_core.shell:Skip shell extension 'powershell' for command environment: Not usable outside of PowerShell
[0.109s] DEBUG:colcon.colcon_core.shell:Skip shell extension 'dsv' for command environment
[0.110s] INFO:colcon.colcon_ros.task.ament_cmake.build:Building ROS package in '/home/seunghoon/Documents/BYJ-6axis/ros2_ws/src/writer' with build type 'ament_cmake'
[0.110s] INFO:colcon.colcon_cmake.task.cmake.build:Building CMake package in '/home/seunghoon/Documents/BYJ-6axis/ros2_ws/src/writer'
[0.110s] INFO:colcon.colcon_core.shell:Skip shell extension 'powershell' for command environment: Not usable outside of PowerShell
[0.110s] DEBUG:colcon.colcon_core.shell:Skip shell extension 'dsv' for command environment
[0.203s] INFO:colcon.colcon_core.task.python.build:Building Python package in '/home/seunghoon/Documents/BYJ-6axis/ros2_ws/src/sensor'
[0.203s] INFO:colcon.colcon_core.shell:Skip shell extension 'powershell' for command environment: Not usable outside of PowerShell
[0.203s] DEBUG:colcon.colcon_core.shell:Skip shell extension 'dsv' for command environment
[0.207s] DEBUG:colcon.colcon_core.event_handler.log_command:Invoking command in '/home/seunghoon/Documents/BYJ-6axis/ros2_ws/build/writer': CMAKE_PREFIX_PATH=${CMAKE_PREFIX_PATH}:/home/seunghoon/Documents/BYJ-6axis/ros2_ws/install/sensor:/opt/ros/humble CONDA_PROMPT_MODIFIER=(guest) /usr/bin/cmake --build /home/seunghoon/Documents/BYJ-6axis/ros2_ws/build/writer -- -j24 -l24
[0.252s] DEBUG:colcon.colcon_core.event_handler.log_command:Invoked command in '/home/seunghoon/Documents/BYJ-6axis/ros2_ws/build/writer' returned '0': CMAKE_PREFIX_PATH=${CMAKE_PREFIX_PATH}:/home/seunghoon/Documents/BYJ-6axis/ros2_ws/install/sensor:/opt/ros/humble CONDA_PROMPT_MODIFIER=(guest) /usr/bin/cmake --build /home/seunghoon/Documents/BYJ-6axis/ros2_ws/build/writer -- -j24 -l24
[0.258s] DEBUG:colcon.colcon_core.event_handler.log_command:Invoking command in '/home/seunghoon/Documents/BYJ-6axis/ros2_ws/build/writer': CMAKE_PREFIX_PATH=${CMAKE_PREFIX_PATH}:/home/seunghoon/Documents/BYJ-6axis/ros2_ws/install/sensor:/opt/ros/humble CONDA_PROMPT_MODIFIER=(guest) /usr/bin/cmake --install /home/seunghoon/Documents/BYJ-6axis/ros2_ws/build/writer
[0.263s] Level 1:colcon.colcon_core.environment:create_environment_scripts_only(writer)
[0.264s] DEBUG:colcon.colcon_core.event_handler.log_command:Invoked command in '/home/seunghoon/Documents/BYJ-6axis/ros2_ws/build/writer' returned '0': CMAKE_PREFIX_PATH=${CMAKE_PREFIX_PATH}:/home/seunghoon/Documents/BYJ-6axis/ros2_ws/install/sensor:/opt/ros/humble CONDA_PROMPT_MODIFIER=(guest) /usr/bin/cmake --install /home/seunghoon/Documents/BYJ-6axis/ros2_ws/build/writer
[0.265s] Level 1:colcon.colcon_core.environment:checking '/home/seunghoon/Documents/BYJ-6axis/ros2_ws/install/writer' for CMake module files
[0.266s] Level 1:colcon.colcon_core.environment:checking '/home/seunghoon/Documents/BYJ-6axis/ros2_ws/install/writer' for CMake config files
[0.266s] Level 1:colcon.colcon_core.shell:create_environment_hook('writer', 'cmake_prefix_path')
[0.266s] INFO:colcon.colcon_core.shell:Creating environment hook '/home/seunghoon/Documents/BYJ-6axis/ros2_ws/install/writer/share/writer/hook/cmake_prefix_path.ps1'
[0.267s] INFO:colcon.colcon_core.shell:Creating environment descriptor '/home/seunghoon/Documents/BYJ-6axis/ros2_ws/install/writer/share/writer/hook/cmake_prefix_path.dsv'
[0.267s] INFO:colcon.colcon_core.shell:Creating environment hook '/home/seunghoon/Documents/BYJ-6axis/ros2_ws/install/writer/share/writer/hook/cmake_prefix_path.sh'
[0.268s] Level 1:colcon.colcon_core.environment:checking '/home/seunghoon/Documents/BYJ-6axis/ros2_ws/install/writer/lib'
[0.268s] Level 1:colcon.colcon_core.environment:checking '/home/seunghoon/Documents/BYJ-6axis/ros2_ws/install/writer/bin'
[0.268s] Level 1:colcon.colcon_core.environment:checking '/home/seunghoon/Documents/BYJ-6axis/ros2_ws/install/writer/lib/pkgconfig/writer.pc'
[0.268s] Level 1:colcon.colcon_core.environment:checking '/home/seunghoon/Documents/BYJ-6axis/ros2_ws/install/writer/lib/python3.10/site-packages'
[0.268s] Level 1:colcon.colcon_core.environment:checking '/home/seunghoon/Documents/BYJ-6axis/ros2_ws/install/writer/bin'
[0.268s] INFO:colcon.colcon_core.shell:Creating package script '/home/seunghoon/Documents/BYJ-6axis/ros2_ws/install/writer/share/writer/package.ps1'
[0.269s] INFO:colcon.colcon_core.shell:Creating package descriptor '/home/seunghoon/Documents/BYJ-6axis/ros2_ws/install/writer/share/writer/package.dsv'
[0.269s] INFO:colcon.colcon_core.shell:Creating package script '/home/seunghoon/Documents/BYJ-6axis/ros2_ws/install/writer/share/writer/package.sh'
[0.269s] INFO:colcon.colcon_core.shell:Creating package script '/home/seunghoon/Documents/BYJ-6axis/ros2_ws/install/writer/share/writer/package.bash'
[0.269s] INFO:colcon.colcon_core.shell:Creating package script '/home/seunghoon/Documents/BYJ-6axis/ros2_ws/install/writer/share/writer/package.zsh'
[0.270s] Level 1:colcon.colcon_core.environment:create_file_with_runtime_dependencies(/home/seunghoon/Documents/BYJ-6axis/ros2_ws/install/writer/share/colcon-core/packages/writer)
[0.270s] Level 1:colcon.colcon_core.environment:create_environment_scripts_only(writer)
[0.270s] Level 1:colcon.colcon_core.environment:checking '/home/seunghoon/Documents/BYJ-6axis/ros2_ws/install/writer' for CMake module files
[0.270s] Level 1:colcon.colcon_core.environment:checking '/home/seunghoon/Documents/BYJ-6axis/ros2_ws/install/writer' for CMake config files
[0.270s] Level 1:colcon.colcon_core.shell:create_environment_hook('writer', 'cmake_prefix_path')
[0.270s] INFO:colcon.colcon_core.shell:Creating environment hook '/home/seunghoon/Documents/BYJ-6axis/ros2_ws/install/writer/share/writer/hook/cmake_prefix_path.ps1'
[0.270s] INFO:colcon.colcon_core.shell:Creating environment descriptor '/home/seunghoon/Documents/BYJ-6axis/ros2_ws/install/writer/share/writer/hook/cmake_prefix_path.dsv'
[0.271s] INFO:colcon.colcon_core.shell:Creating environment hook '/home/seunghoon/Documents/BYJ-6axis/ros2_ws/install/writer/share/writer/hook/cmake_prefix_path.sh'
[0.271s] Level 1:colcon.colcon_core.environment:checking '/home/seunghoon/Documents/BYJ-6axis/ros2_ws/install/writer/lib'
[0.271s] Level 1:colcon.colcon_core.environment:checking '/home/seunghoon/Documents/BYJ-6axis/ros2_ws/install/writer/bin'
[0.271s] Level 1:colcon.colcon_core.environment:checking '/home/seunghoon/Documents/BYJ-6axis/ros2_ws/install/writer/lib/pkgconfig/writer.pc'
[0.271s] Level 1:colcon.colcon_core.environment:checking '/home/seunghoon/Documents/BYJ-6axis/ros2_ws/install/writer/lib/python3.10/site-packages'
[0.271s] Level 1:colcon.colcon_core.environment:checking '/home/seunghoon/Documents/BYJ-6axis/ros2_ws/install/writer/bin'
[0.271s] INFO:colcon.colcon_core.shell:Creating package script '/home/seunghoon/Documents/BYJ-6axis/ros2_ws/install/writer/share/writer/package.ps1'
[0.271s] INFO:colcon.colcon_core.shell:Creating package descriptor '/home/seunghoon/Documents/BYJ-6axis/ros2_ws/install/writer/share/writer/package.dsv'
[0.272s] INFO:colcon.colcon_core.shell:Creating package script '/home/seunghoon/Documents/BYJ-6axis/ros2_ws/install/writer/share/writer/package.sh'
[0.272s] INFO:colcon.colcon_core.shell:Creating package script '/home/seunghoon/Documents/BYJ-6axis/ros2_ws/install/writer/share/writer/package.bash'
[0.272s] INFO:colcon.colcon_core.shell:Creating package script '/home/seunghoon/Documents/BYJ-6axis/ros2_ws/install/writer/share/writer/package.zsh'
[0.272s] Level 1:colcon.colcon_core.environment:create_file_with_runtime_dependencies(/home/seunghoon/Documents/BYJ-6axis/ros2_ws/install/writer/share/colcon-core/packages/writer)
[0.416s] DEBUG:colcon.colcon_core.event_handler.log_command:Invoking command in '/home/seunghoon/Documents/BYJ-6axis/ros2_ws/src/sensor': CONDA_PROMPT_MODIFIER=(guest) PYTHONPATH=/home/seunghoon/Documents/BYJ-6axis/ros2_ws/build/sensor/prefix_override:/usr/lib/python3/dist-packages/colcon_core/task/python/colcon_distutils_commands:/home/seunghoon/Documents/BYJ-6axis/ros2_ws/install/sensor/lib/python3.10/site-packages:${PYTHONPATH} /usr/bin/python3 -W ignore:setup.py install is deprecated -W ignore:easy_install command is deprecated setup.py egg_info --egg-base ../../build/sensor build --build-base /home/seunghoon/Documents/BYJ-6axis/ros2_ws/build/sensor/build install --record /home/seunghoon/Documents/BYJ-6axis/ros2_ws/build/sensor/install.log --single-version-externally-managed install_data
[0.620s] Level 1:colcon.colcon_core.environment:checking '/home/seunghoon/Documents/BYJ-6axis/ros2_ws/install/sensor' for CMake module files
[0.620s] DEBUG:colcon.colcon_core.event_handler.log_command:Invoked command in '/home/seunghoon/Documents/BYJ-6axis/ros2_ws/src/sensor' returned '0': CONDA_PROMPT_MODIFIER=(guest) PYTHONPATH=/home/seunghoon/Documents/BYJ-6axis/ros2_ws/build/sensor/prefix_override:/usr/lib/python3/dist-packages/colcon_core/task/python/colcon_distutils_commands:/home/seunghoon/Documents/BYJ-6axis/ros2_ws/install/sensor/lib/python3.10/site-packages:${PYTHONPATH} /usr/bin/python3 -W ignore:setup.py install is deprecated -W ignore:easy_install command is deprecated setup.py egg_info --egg-base ../../build/sensor build --build-base /home/seunghoon/Documents/BYJ-6axis/ros2_ws/build/sensor/build install --record /home/seunghoon/Documents/BYJ-6axis/ros2_ws/build/sensor/install.log --single-version-externally-managed install_data
[0.620s] Level 1:colcon.colcon_core.environment:checking '/home/seunghoon/Documents/BYJ-6axis/ros2_ws/install/sensor' for CMake config files
[0.621s] Level 1:colcon.colcon_core.environment:checking '/home/seunghoon/Documents/BYJ-6axis/ros2_ws/install/sensor/lib'
[0.621s] Level 1:colcon.colcon_core.environment:checking '/home/seunghoon/Documents/BYJ-6axis/ros2_ws/install/sensor/bin'
[0.621s] Level 1:colcon.colcon_core.environment:checking '/home/seunghoon/Documents/BYJ-6axis/ros2_ws/install/sensor/lib/pkgconfig/sensor.pc'
[0.621s] Level 1:colcon.colcon_core.environment:checking '/home/seunghoon/Documents/BYJ-6axis/ros2_ws/install/sensor/lib/python3.10/site-packages'
[0.621s] Level 1:colcon.colcon_core.shell:create_environment_hook('sensor', 'pythonpath')
[0.621s] INFO:colcon.colcon_core.shell:Creating environment hook '/home/seunghoon/Documents/BYJ-6axis/ros2_ws/install/sensor/share/sensor/hook/pythonpath.ps1'
[0.621s] INFO:colcon.colcon_core.shell:Creating environment descriptor '/home/seunghoon/Documents/BYJ-6axis/ros2_ws/install/sensor/share/sensor/hook/pythonpath.dsv'
[0.621s] INFO:colcon.colcon_core.shell:Creating environment hook '/home/seunghoon/Documents/BYJ-6axis/ros2_ws/install/sensor/share/sensor/hook/pythonpath.sh'
[0.622s] Level 1:colcon.colcon_core.environment:checking '/home/seunghoon/Documents/BYJ-6axis/ros2_ws/install/sensor/bin'
[0.622s] Level 1:colcon.colcon_core.environment:create_environment_scripts_only(sensor)
[0.622s] INFO:colcon.colcon_core.shell:Creating package script '/home/seunghoon/Documents/BYJ-6axis/ros2_ws/install/sensor/share/sensor/package.ps1'
[0.622s] INFO:colcon.colcon_core.shell:Creating package descriptor '/home/seunghoon/Documents/BYJ-6axis/ros2_ws/install/sensor/share/sensor/package.dsv'
[0.622s] INFO:colcon.colcon_core.shell:Creating package script '/home/seunghoon/Documents/BYJ-6axis/ros2_ws/install/sensor/share/sensor/package.sh'
[0.622s] INFO:colcon.colcon_core.shell:Creating package script '/home/seunghoon/Documents/BYJ-6axis/ros2_ws/install/sensor/share/sensor/package.bash'
[0.622s] INFO:colcon.colcon_core.shell:Creating package script '/home/seunghoon/Documents/BYJ-6axis/ros2_ws/install/sensor/share/sensor/package.zsh'
[0.628s] Level 1:colcon.colcon_core.environment:create_file_with_runtime_dependencies(/home/seunghoon/Documents/BYJ-6axis/ros2_ws/install/sensor/share/colcon-core/packages/sensor)
[0.628s] DEBUG:colcon.colcon_parallel_executor.executor.parallel:closing loop
[0.628s] DEBUG:colcon.colcon_parallel_executor.executor.parallel:loop closed
[0.628s] DEBUG:colcon.colcon_parallel_executor.executor.parallel:run_until_complete finished with '0'
[0.629s] DEBUG:colcon.colcon_core.event_reactor:joining thread
[0.631s] INFO:colcon.colcon_core.plugin_system:Skipping extension 'colcon_notification.desktop_notification.terminal_notifier': Not used on non-Darwin systems
[0.631s] INFO:colcon.colcon_core.plugin_system:Skipping extension 'colcon_notification.desktop_notification.win32': Not used on non-Windows systems
[0.631s] INFO:colcon.colcon_notification.desktop_notification:Sending desktop notification using 'notify2'
[0.637s] DEBUG:colcon.colcon_core.event_reactor:joined thread
[0.637s] INFO:colcon.colcon_core.shell:Creating prefix script '/home/seunghoon/Documents/BYJ-6axis/ros2_ws/install/local_setup.ps1'
[0.638s] INFO:colcon.colcon_core.shell:Creating prefix util module '/home/seunghoon/Documents/BYJ-6axis/ros2_ws/install/_local_setup_util_ps1.py'
[0.639s] INFO:colcon.colcon_core.shell:Creating prefix chain script '/home/seunghoon/Documents/BYJ-6axis/ros2_ws/install/setup.ps1'
[0.639s] INFO:colcon.colcon_core.shell:Creating prefix script '/home/seunghoon/Documents/BYJ-6axis/ros2_ws/install/local_setup.sh'
[0.639s] INFO:colcon.colcon_core.shell:Creating prefix util module '/home/seunghoon/Documents/BYJ-6axis/ros2_ws/install/_local_setup_util_sh.py'
[0.640s] INFO:colcon.colcon_core.shell:Creating prefix chain script '/home/seunghoon/Documents/BYJ-6axis/ros2_ws/install/setup.sh'
[0.640s] INFO:colcon.colcon_core.shell:Creating prefix script '/home/seunghoon/Documents/BYJ-6axis/ros2_ws/install/local_setup.bash'
[0.640s] INFO:colcon.colcon_core.shell:Creating prefix chain script '/home/seunghoon/Documents/BYJ-6axis/ros2_ws/install/setup.bash'
[0.641s] INFO:colcon.colcon_core.shell:Creating prefix script '/home/seunghoon/Documents/BYJ-6axis/ros2_ws/install/local_setup.zsh'
[0.641s] INFO:colcon.colcon_core.shell:Creating prefix chain script '/home/seunghoon/Documents/BYJ-6axis/ros2_ws/install/setup.zsh'
