[0.115s] Invoking command in '/home/seunghoon/Documents/BYJ-6axis/ros2_ws/build/writer': CMAKE_PREFIX_PATH=/opt/ros/humble /usr/bin/cmake /home/seunghoon/Documents/BYJ-6axis/ros2_ws/src/writer -DCMAKE_INSTALL_PREFIX=/home/seunghoon/Documents/BYJ-6axis/ros2_ws/install/writer
[0.161s] -- The C compiler identification is GNU 11.4.0
[0.192s] -- The CXX compiler identification is GNU 11.4.0
[0.197s] -- Detecting C compiler ABI info
[0.239s] -- Detecting C compiler ABI info - done
[0.243s] -- Check for working C compiler: /usr/bin/cc - skipped
[0.243s] -- Detecting C compile features
[0.243s] -- Detecting C compile features - done
[0.245s] -- Detecting CXX compiler ABI info
[0.290s] -- Detecting CXX compiler ABI info - done
[0.293s] -- Check for working CXX compiler: /usr/bin/c++ - skipped
[0.293s] -- Detecting CXX compile features
[0.293s] -- Detecting CXX compile features - done
[0.294s] -- Found ament_cmake: 1.3.14 (/opt/ros/humble/share/ament_cmake/cmake)
[0.375s] -- Found Python3: /usr/bin/python3 (found version "3.10.12") found components: Interpreter 
[0.417s] -- Found rclcpp: 16.0.19 (/opt/ros/humble/share/rclcpp/cmake)
[0.435s] -- Found rosidl_generator_c: 3.1.8 (/opt/ros/humble/share/rosidl_generator_c/cmake)
[0.437s] -- Found rosidl_adapter: 3.1.8 (/opt/ros/humble/share/rosidl_adapter/cmake)
[0.440s] -- Found rosidl_generator_cpp: 3.1.8 (/opt/ros/humble/share/rosidl_generator_cpp/cmake)
[0.446s] -- Using all available rosidl_typesupport_c: rosidl_typesupport_fastrtps_c;rosidl_typesupport_introspection_c
[0.452s] -- Using all available rosidl_typesupport_cpp: rosidl_typesupport_fastrtps_cpp;rosidl_typesupport_introspection_cpp
[0.471s] -- Found rmw_implementation_cmake: 6.1.2 (/opt/ros/humble/share/rmw_implementation_cmake/cmake)
[0.471s] -- Found rmw_fastrtps_cpp: 6.2.10 (/opt/ros/humble/share/rmw_fastrtps_cpp/cmake)
[0.517s] -- Found OpenSSL: /usr/lib/x86_64-linux-gnu/libcrypto.so (found version "3.0.2")  
[0.543s] -- Found FastRTPS: /opt/ros/humble/include  
[0.565s] -- Using RMW implementation 'rmw_fastrtps_cpp' as default
[0.569s] -- Looking for pthread.h
[0.630s] -- Looking for pthread.h - found
[0.631s] -- Performing Test CMAKE_HAVE_LIBC_PTHREAD
[0.720s] -- Performing Test CMAKE_HAVE_LIBC_PTHREAD - Success
[0.721s] -- Found Threads: TRUE  
[0.750s] [31mCMake Error at CMakeLists.txt:12 (find_package):
[0.750s]   By not providing "Findur_rtde.cmake" in CMAKE_MODULE_PATH this project has
[0.750s]   asked CMake to find a package configuration file provided by "ur_rtde", but
[0.750s]   CMake did not find one.
[0.750s] 
[0.750s]   Could not find a package configuration file provided by "ur_rtde" with any
[0.750s]   of the following names:
[0.750s] 
[0.750s]     ur_rtdeConfig.cmake
[0.751s]     ur_rtde-config.cmake
[0.751s] 
[0.751s]   Add the installation prefix of "ur_rtde" to CMAKE_PREFIX_PATH or set
[0.751s]   "ur_rtde_DIR" to a directory containing one of the above files.  If
[0.751s]   "ur_rtde" provides a separate development package or SDK, be sure it has
[0.751s]   been installed.
[0.751s] 
[0.751s] -- Configuring incomplete, errors occurred!
[0.751s] See also "/home/seunghoon/Documents/BYJ-6axis/ros2_ws/build/writer/CMakeFiles/CMakeOutput.log".
[0.751s] [0m
[0.755s] Invoked command in '/home/seunghoon/Documents/BYJ-6axis/ros2_ws/build/writer' returned '1': CMAKE_PREFIX_PATH=/opt/ros/humble /usr/bin/cmake /home/seunghoon/Documents/BYJ-6axis/ros2_ws/src/writer -DCMAKE_INSTALL_PREFIX=/home/seunghoon/Documents/BYJ-6axis/ros2_ws/install/writer
