/home/kang/Documents/tribo-slide/ros2_ws/install/tribo_plot/lib/python3.10/site-packages/tribo_plot/app2_old.py
/home/kang/Documents/tribo-slide/ros2_ws/install/tribo_plot/lib/python3.10/site-packages/tribo_plot/plot_sensor.py
/home/kang/Documents/tribo-slide/ros2_ws/install/tribo_plot/lib/python3.10/site-packages/tribo_plot/app_node.py
/home/kang/Documents/tribo-slide/ros2_ws/install/tribo_plot/lib/python3.10/site-packages/tribo_plot/__init__.py
/home/kang/Documents/tribo-slide/ros2_ws/install/tribo_plot/lib/python3.10/site-packages/tribo_plot/app2_old2.py
/home/kang/Documents/tribo-slide/ros2_ws/install/tribo_plot/lib/python3.10/site-packages/tribo_plot/app2.py
/home/kang/Documents/tribo-slide/ros2_ws/install/tribo_plot/lib/python3.10/site-packages/tribo_plot/app1.py
/home/kang/Documents/tribo-slide/ros2_ws/install/tribo_plot/lib/python3.10/site-packages/tribo_plot/state_manager_node.py
/home/kang/Documents/tribo-slide/ros2_ws/install/tribo_plot/lib/python3.10/site-packages/tribo_plot/inference_node.py
/home/kang/Documents/tribo-slide/ros2_ws/install/tribo_plot/lib/python3.10/site-packages/tribo_plot/sensorT_fake.py
/home/kang/Documents/tribo-slide/ros2_ws/install/tribo_plot/lib/python3.10/site-packages/tribo_plot/sensorT_large.py
/home/kang/Documents/tribo-slide/ros2_ws/install/tribo_plot/lib/python3.10/site-packages/tribo_plot/model/lstm.py
/home/kang/Documents/tribo-slide/ros2_ws/install/tribo_plot/lib/python3.10/site-packages/tribo_plot/model/__init__.py
/home/kang/Documents/tribo-slide/ros2_ws/install/tribo_plot/lib/python3.10/site-packages/tribo_plot/model/mlstm_fcn.py
/home/kang/Documents/tribo-slide/ros2_ws/install/tribo_plot/lib/python3.10/site-packages/tribo_plot/utils/state.py
/home/kang/Documents/tribo-slide/ros2_ws/install/tribo_plot/lib/python3.10/site-packages/tribo_plot/utils/__init__.py
/home/kang/Documents/tribo-slide/ros2_ws/install/tribo_plot/lib/python3.10/site-packages/tribo_plot/utils/widget.py
/home/kang/Documents/tribo-slide/ros2_ws/install/tribo_plot/lib/python3.10/site-packages/tribo_plot/__pycache__/app2_old.cpython-310.pyc
/home/kang/Documents/tribo-slide/ros2_ws/install/tribo_plot/lib/python3.10/site-packages/tribo_plot/__pycache__/plot_sensor.cpython-310.pyc
/home/kang/Documents/tribo-slide/ros2_ws/install/tribo_plot/lib/python3.10/site-packages/tribo_plot/__pycache__/app_node.cpython-310.pyc
/home/kang/Documents/tribo-slide/ros2_ws/install/tribo_plot/lib/python3.10/site-packages/tribo_plot/__pycache__/__init__.cpython-310.pyc
/home/kang/Documents/tribo-slide/ros2_ws/install/tribo_plot/lib/python3.10/site-packages/tribo_plot/__pycache__/app2_old2.cpython-310.pyc
/home/kang/Documents/tribo-slide/ros2_ws/install/tribo_plot/lib/python3.10/site-packages/tribo_plot/__pycache__/app2.cpython-310.pyc
/home/kang/Documents/tribo-slide/ros2_ws/install/tribo_plot/lib/python3.10/site-packages/tribo_plot/__pycache__/app1.cpython-310.pyc
/home/kang/Documents/tribo-slide/ros2_ws/install/tribo_plot/lib/python3.10/site-packages/tribo_plot/__pycache__/state_manager_node.cpython-310.pyc
/home/kang/Documents/tribo-slide/ros2_ws/install/tribo_plot/lib/python3.10/site-packages/tribo_plot/__pycache__/inference_node.cpython-310.pyc
/home/kang/Documents/tribo-slide/ros2_ws/install/tribo_plot/lib/python3.10/site-packages/tribo_plot/__pycache__/sensorT_fake.cpython-310.pyc
/home/kang/Documents/tribo-slide/ros2_ws/install/tribo_plot/lib/python3.10/site-packages/tribo_plot/__pycache__/sensorT_large.cpython-310.pyc
/home/kang/Documents/tribo-slide/ros2_ws/install/tribo_plot/lib/python3.10/site-packages/tribo_plot/model/__pycache__/lstm.cpython-310.pyc
/home/kang/Documents/tribo-slide/ros2_ws/install/tribo_plot/lib/python3.10/site-packages/tribo_plot/model/__pycache__/__init__.cpython-310.pyc
/home/kang/Documents/tribo-slide/ros2_ws/install/tribo_plot/lib/python3.10/site-packages/tribo_plot/model/__pycache__/mlstm_fcn.cpython-310.pyc
/home/kang/Documents/tribo-slide/ros2_ws/install/tribo_plot/lib/python3.10/site-packages/tribo_plot/utils/__pycache__/state.cpython-310.pyc
/home/kang/Documents/tribo-slide/ros2_ws/install/tribo_plot/lib/python3.10/site-packages/tribo_plot/utils/__pycache__/__init__.cpython-310.pyc
/home/kang/Documents/tribo-slide/ros2_ws/install/tribo_plot/lib/python3.10/site-packages/tribo_plot/utils/__pycache__/widget.cpython-310.pyc
/home/kang/Documents/tribo-slide/ros2_ws/install/tribo_plot/share/ament_index/resource_index/packages/tribo_plot
/home/kang/Documents/tribo-slide/ros2_ws/install/tribo_plot/share/tribo_plot/package.xml
/home/kang/Documents/tribo-slide/ros2_ws/install/tribo_plot/lib/python3.10/site-packages/tribo_plot-0.0.0-py3.10.egg-info/dependency_links.txt
/home/kang/Documents/tribo-slide/ros2_ws/install/tribo_plot/lib/python3.10/site-packages/tribo_plot-0.0.0-py3.10.egg-info/zip-safe
/home/kang/Documents/tribo-slide/ros2_ws/install/tribo_plot/lib/python3.10/site-packages/tribo_plot-0.0.0-py3.10.egg-info/requires.txt
/home/kang/Documents/tribo-slide/ros2_ws/install/tribo_plot/lib/python3.10/site-packages/tribo_plot-0.0.0-py3.10.egg-info/entry_points.txt
/home/kang/Documents/tribo-slide/ros2_ws/install/tribo_plot/lib/python3.10/site-packages/tribo_plot-0.0.0-py3.10.egg-info/SOURCES.txt
/home/kang/Documents/tribo-slide/ros2_ws/install/tribo_plot/lib/python3.10/site-packages/tribo_plot-0.0.0-py3.10.egg-info/PKG-INFO
/home/kang/Documents/tribo-slide/ros2_ws/install/tribo_plot/lib/python3.10/site-packages/tribo_plot-0.0.0-py3.10.egg-info/top_level.txt
/home/kang/Documents/tribo-slide/ros2_ws/install/tribo_plot/lib/tribo_plot/app1
/home/kang/Documents/tribo-slide/ros2_ws/install/tribo_plot/lib/tribo_plot/app2
/home/kang/Documents/tribo-slide/ros2_ws/install/tribo_plot/lib/tribo_plot/app2_old
/home/kang/Documents/tribo-slide/ros2_ws/install/tribo_plot/lib/tribo_plot/app_node
/home/kang/Documents/tribo-slide/ros2_ws/install/tribo_plot/lib/tribo_plot/inference
/home/kang/Documents/tribo-slide/ros2_ws/install/tribo_plot/lib/tribo_plot/models
/home/kang/Documents/tribo-slide/ros2_ws/install/tribo_plot/lib/tribo_plot/plot_sensor
/home/kang/Documents/tribo-slide/ros2_ws/install/tribo_plot/lib/tribo_plot/sensorT_fake
/home/kang/Documents/tribo-slide/ros2_ws/install/tribo_plot/lib/tribo_plot/sensorT_large
/home/kang/Documents/tribo-slide/ros2_ws/install/tribo_plot/lib/tribo_plot/state_manager
