[0.112s] Invoking command in '/home/seunghoon/Documents/BYJ-6axis/ros2_ws/build/writer': CMAKE_PREFIX_PATH=/opt/ros/humble /usr/bin/cmake /home/seunghoon/Documents/BYJ-6axis/ros2_ws/src/writer -DCMAKE_INSTALL_PREFIX=/home/seunghoon/Documents/BYJ-6axis/ros2_ws/install/writer
[0.120s] -- Found ament_cmake: 1.3.14 (/opt/ros/humble/share/ament_cmake/cmake)
[0.184s] -- Found rclcpp: 16.0.19 (/opt/ros/humble/share/rclcpp/cmake)
[0.197s] -- Found rosidl_generator_c: 3.1.8 (/opt/ros/humble/share/rosidl_generator_c/cmake)
[0.198s] -- Found rosidl_adapter: 3.1.8 (/opt/ros/humble/share/rosidl_adapter/cmake)
[0.200s] -- Found rosidl_generator_cpp: 3.1.8 (/opt/ros/humble/share/rosidl_generator_cpp/cmake)
[0.205s] -- Using all available rosidl_typesupport_c: rosidl_typesupport_fastrtps_c;rosidl_typesupport_introspection_c
[0.210s] -- Using all available rosidl_typesupport_cpp: rosidl_typesupport_fastrtps_cpp;rosidl_typesupport_introspection_cpp
[0.225s] -- Found rmw_implementation_cmake: 6.1.2 (/opt/ros/humble/share/rmw_implementation_cmake/cmake)
[0.225s] -- Found rmw_fastrtps_cpp: 6.2.10 (/opt/ros/humble/share/rmw_fastrtps_cpp/cmake)
[0.274s] -- Using RMW implementation 'rmw_fastrtps_cpp' as default
[0.304s] -- Found Boost: /usr/lib/x86_64-linux-gnu/cmake/Boost-1.74.0/BoostConfig.cmake (found version "1.74.0") found components: system thread 
[0.305s] -- Found tf2: 0.25.20 (/opt/ros/humble/share/tf2/cmake)
[0.315s] -- Found tf2_ros: 0.25.20 (/opt/ros/humble/share/tf2_ros/cmake)
[0.386s] -- Configuring done
[0.391s] -- Generating done
[0.393s] -- Build files have been written to: /home/seunghoon/Documents/BYJ-6axis/ros2_ws/build/writer
[0.397s] Invoked command in '/home/seunghoon/Documents/BYJ-6axis/ros2_ws/build/writer' returned '0': CMAKE_PREFIX_PATH=/opt/ros/humble /usr/bin/cmake /home/seunghoon/Documents/BYJ-6axis/ros2_ws/src/writer -DCMAKE_INSTALL_PREFIX=/home/seunghoon/Documents/BYJ-6axis/ros2_ws/install/writer
[0.398s] Invoking command in '/home/seunghoon/Documents/BYJ-6axis/ros2_ws/build/writer': CMAKE_PREFIX_PATH=/opt/ros/humble /usr/bin/cmake --build /home/seunghoon/Documents/BYJ-6axis/ros2_ws/build/writer -- -j24 -l24
[0.427s] [ 25%] [32mBuilding CXX object CMakeFiles/ur_rtde_node.dir/src/ur_rtde_node.cpp.o[0m
[0.428s] [ 50%] [32mBuilding CXX object CMakeFiles/writer_v2.dir/src/writer_v2.cpp.o[0m
[1.454s] [01m[K/home/seunghoon/Documents/BYJ-6axis/ros2_ws/src/writer/src/writer_v2.cpp:[m[K In member function ‘[01m[Kvoid Writer::RFT_callback(std_msgs::msg::Float32MultiArray_<std::allocator<void> >::SharedPtr)[m[K’:
[1.454s] [01m[K/home/seunghoon/Documents/BYJ-6axis/ros2_ws/src/writer/src/writer_v2.cpp:122:5:[m[K [01;31m[Kerror: [m[K‘[01m[Kg_force[m[K’ was not declared in this scope
[1.454s]   122 |     [01;31m[Kg_force[m[K[0] = msg->data[0];
[1.454s]       |     [01;31m[K^~~~~~~[m[K
[2.564s] gmake[2]: *** [CMakeFiles/writer_v2.dir/build.make:76: CMakeFiles/writer_v2.dir/src/writer_v2.cpp.o] Error 1
[2.564s] gmake[1]: *** [CMakeFiles/Makefile2:165: CMakeFiles/writer_v2.dir/all] Error 2
[2.564s] gmake[1]: *** Waiting for unfinished jobs....
[3.132s] [ 75%] [32m[1mLinking CXX executable ur_rtde_node[0m
[3.246s] [ 75%] Built target ur_rtde_node
[3.247s] gmake: *** [Makefile:146: all] Error 2
[3.248s] Invoked command in '/home/seunghoon/Documents/BYJ-6axis/ros2_ws/build/writer' returned '2': CMAKE_PREFIX_PATH=/opt/ros/humble /usr/bin/cmake --build /home/seunghoon/Documents/BYJ-6axis/ros2_ws/build/writer -- -j24 -l24
