running egg_info
creating ../../build/sensor/sensor.egg-info
writing ../../build/sensor/sensor.egg-info/PKG-INFO
writing dependency_links to ../../build/sensor/sensor.egg-info/dependency_links.txt
writing entry points to ../../build/sensor/sensor.egg-info/entry_points.txt
writing requirements to ../../build/sensor/sensor.egg-info/requires.txt
writing top-level names to ../../build/sensor/sensor.egg-info/top_level.txt
writing manifest file '../../build/sensor/sensor.egg-info/SOURCES.txt'
reading manifest file '../../build/sensor/sensor.egg-info/SOURCES.txt'
writing manifest file '../../build/sensor/sensor.egg-info/SOURCES.txt'
running build
running build_py
creating /home/seunghoon/Documents/BYJ-6axis/ros2_ws/build/sensor/build
creating /home/seunghoon/Documents/BYJ-6axis/ros2_ws/build/sensor/build/lib
creating /home/seunghoon/Documents/BYJ-6axis/ros2_ws/build/sensor/build/lib/sensor
copying sensor/__init__.py -> /home/seunghoon/Documents/BYJ-6axis/ros2_ws/build/sensor/build/lib/sensor
copying sensor/Receiver_24bit_ard_time.py -> /home/seunghoon/Documents/BYJ-6axis/ros2_ws/build/sensor/build/lib/sensor
copying sensor/sensor_hex.py -> /home/seunghoon/Documents/BYJ-6axis/ros2_ws/build/sensor/build/lib/sensor
running install
running install_lib
creating /home/seunghoon/Documents/BYJ-6axis/ros2_ws/install/sensor/lib/python3.10/site-packages/sensor
copying /home/seunghoon/Documents/BYJ-6axis/ros2_ws/build/sensor/build/lib/sensor/__init__.py -> /home/seunghoon/Documents/BYJ-6axis/ros2_ws/install/sensor/lib/python3.10/site-packages/sensor
copying /home/seunghoon/Documents/BYJ-6axis/ros2_ws/build/sensor/build/lib/sensor/Receiver_24bit_ard_time.py -> /home/seunghoon/Documents/BYJ-6axis/ros2_ws/install/sensor/lib/python3.10/site-packages/sensor
copying /home/seunghoon/Documents/BYJ-6axis/ros2_ws/build/sensor/build/lib/sensor/sensor_hex.py -> /home/seunghoon/Documents/BYJ-6axis/ros2_ws/install/sensor/lib/python3.10/site-packages/sensor
byte-compiling /home/seunghoon/Documents/BYJ-6axis/ros2_ws/install/sensor/lib/python3.10/site-packages/sensor/__init__.py to __init__.cpython-310.pyc
byte-compiling /home/seunghoon/Documents/BYJ-6axis/ros2_ws/install/sensor/lib/python3.10/site-packages/sensor/Receiver_24bit_ard_time.py to Receiver_24bit_ard_time.cpython-310.pyc
byte-compiling /home/seunghoon/Documents/BYJ-6axis/ros2_ws/install/sensor/lib/python3.10/site-packages/sensor/sensor_hex.py to sensor_hex.cpython-310.pyc
running install_data
creating /home/seunghoon/Documents/BYJ-6axis/ros2_ws/install/sensor/share/ament_index
creating /home/seunghoon/Documents/BYJ-6axis/ros2_ws/install/sensor/share/ament_index/resource_index
creating /home/seunghoon/Documents/BYJ-6axis/ros2_ws/install/sensor/share/ament_index/resource_index/packages
copying resource/sensor -> /home/seunghoon/Documents/BYJ-6axis/ros2_ws/install/sensor/share/ament_index/resource_index/packages
copying package.xml -> /home/seunghoon/Documents/BYJ-6axis/ros2_ws/install/sensor/share/sensor
running install_egg_info
Copying ../../build/sensor/sensor.egg-info to /home/seunghoon/Documents/BYJ-6axis/ros2_ws/install/sensor/lib/python3.10/site-packages/sensor-0.0.1-py3.10.egg-info
running install_scripts
Installing sensor_hex script to /home/seunghoon/Documents/BYJ-6axis/ros2_ws/install/sensor/lib/sensor
writing list of installed files to '/home/seunghoon/Documents/BYJ-6axis/ros2_ws/build/sensor/install.log'
