[0.303s] Invoking command in '/home/seunghoon/Documents/BYJ-6axis/ros2_ws/src/sensor': CONDA_PROMPT_MODIFIER=(guest) PYTHONPATH=/home/seunghoon/Documents/BYJ-6axis/ros2_ws/build/sensor/prefix_override:/usr/lib/python3/dist-packages/colcon_core/task/python/colcon_distutils_commands:/home/seunghoon/Documents/BYJ-6axis/ros2_ws/install/sensor/lib/python3.10/site-packages:${PYTHONPATH} /usr/bin/python3 -W ignore:setup.py install is deprecated -W ignore:easy_install command is deprecated setup.py egg_info --egg-base ../../build/sensor build --build-base /home/seunghoon/Documents/BYJ-6axis/ros2_ws/build/sensor/build install --record /home/seunghoon/Documents/BYJ-6axis/ros2_ws/build/sensor/install.log --single-version-externally-managed install_data
[0.423s] running egg_info
[0.429s] writing ../../build/sensor/sensor.egg-info/PKG-INFO
[0.429s] writing dependency_links to ../../build/sensor/sensor.egg-info/dependency_links.txt
[0.429s] writing entry points to ../../build/sensor/sensor.egg-info/entry_points.txt
[0.429s] writing requirements to ../../build/sensor/sensor.egg-info/requires.txt
[0.430s] writing top-level names to ../../build/sensor/sensor.egg-info/top_level.txt
[0.442s] reading manifest file '../../build/sensor/sensor.egg-info/SOURCES.txt'
[0.443s] writing manifest file '../../build/sensor/sensor.egg-info/SOURCES.txt'
[0.443s] running build
[0.443s] running build_py
[0.443s] copying sensor/__init__.py -> /home/seunghoon/Documents/BYJ-6axis/ros2_ws/build/sensor/build/lib/sensor
[0.443s] copying sensor/Receiver_24bit_ard_time.py -> /home/seunghoon/Documents/BYJ-6axis/ros2_ws/build/sensor/build/lib/sensor
[0.443s] copying sensor/sensor_hex.py -> /home/seunghoon/Documents/BYJ-6axis/ros2_ws/build/sensor/build/lib/sensor
[0.443s] running install
[0.445s] running install_lib
[0.451s] copying /home/seunghoon/Documents/BYJ-6axis/ros2_ws/build/sensor/build/lib/sensor/sensor_hex.py -> /home/seunghoon/Documents/BYJ-6axis/ros2_ws/install/sensor/lib/python3.10/site-packages/sensor
[0.452s] byte-compiling /home/seunghoon/Documents/BYJ-6axis/ros2_ws/install/sensor/lib/python3.10/site-packages/sensor/sensor_hex.py to sensor_hex.cpython-310.pyc
[0.452s] running install_data
[0.453s] copying resource/sensor -> /home/seunghoon/Documents/BYJ-6axis/ros2_ws/install/sensor/share/ament_index/resource_index/packages
[0.453s] copying package.xml -> /home/seunghoon/Documents/BYJ-6axis/ros2_ws/install/sensor/share/sensor
[0.453s] running install_egg_info
[0.459s] removing '/home/seunghoon/Documents/BYJ-6axis/ros2_ws/install/sensor/lib/python3.10/site-packages/sensor-0.0.1-py3.10.egg-info' (and everything under it)
[0.459s] Copying ../../build/sensor/sensor.egg-info to /home/seunghoon/Documents/BYJ-6axis/ros2_ws/install/sensor/lib/python3.10/site-packages/sensor-0.0.1-py3.10.egg-info
[0.460s] running install_scripts
[0.511s] Installing sensor_hex script to /home/seunghoon/Documents/BYJ-6axis/ros2_ws/install/sensor/lib/sensor
[0.511s] writing list of installed files to '/home/seunghoon/Documents/BYJ-6axis/ros2_ws/build/sensor/install.log'
[0.523s] Invoked command in '/home/seunghoon/Documents/BYJ-6axis/ros2_ws/src/sensor' returned '0': CONDA_PROMPT_MODIFIER=(guest) PYTHONPATH=/home/seunghoon/Documents/BYJ-6axis/ros2_ws/build/sensor/prefix_override:/usr/lib/python3/dist-packages/colcon_core/task/python/colcon_distutils_commands:/home/seunghoon/Documents/BYJ-6axis/ros2_ws/install/sensor/lib/python3.10/site-packages:${PYTHONPATH} /usr/bin/python3 -W ignore:setup.py install is deprecated -W ignore:easy_install command is deprecated setup.py egg_info --egg-base ../../build/sensor build --build-base /home/seunghoon/Documents/BYJ-6axis/ros2_ws/build/sensor/build install --record /home/seunghoon/Documents/BYJ-6axis/ros2_ws/build/sensor/install.log --single-version-externally-managed install_data
