[0.099s] Invoking command in '/home/seunghoon/Documents/BYJ-6axis/ros2_ws/build/writer': CMAKE_PREFIX_PATH=${CMAKE_PREFIX_PATH}:/home/seunghoon/Documents/BYJ-6axis/ros2_ws/install/sensor:/opt/ros/humble CONDA_PROMPT_MODIFIER=(guest) /usr/bin/cmake --build /home/seunghoon/Documents/BYJ-6axis/ros2_ws/build/writer -- -j24 -l24
[0.140s] [ 16%] [32mBuilding CXX object CMakeFiles/writer_sensor.dir/src/writer_sensor.cpp.o[0m
[0.140s] [ 50%] Built target writer_v2
[0.143s] [ 83%] Built target ur_rtde_node
[1.156s] [01m[K/home/seunghoon/Documents/BYJ-6axis/ros2_ws/src/writer/src/writer_sensor.cpp:[m[K In function ‘[01m[Kvoid memo()[m[K’:
[1.156s] [01m[K/home/seunghoon/Documents/BYJ-6axis/ros2_ws/src/writer/src/writer_sensor.cpp:43:12:[m[K [01;35m[Kwarning: [m[Kunused variable ‘[01m[Kelapsed_time[m[K’ [[01;35m[K]8;;https://gcc.gnu.org/onlinedocs/gcc/Warning-Options.html#index-Wunused-variable-Wunused-variable]8;;[m[K]
[1.156s]    43 |       auto [01;35m[Kelapsed_time[m[K = std::chrono::duration_cast<std::chrono::duration<double>>(current_time - start_time).count();
[1.156s]       |            [01;35m[K^~~~~~~~~~~~[m[K
[3.828s] [100%] [32m[1mLinking CXX executable writer_sensor[0m
[4.011s] [100%] Built target writer_sensor
[4.019s] Invoked command in '/home/seunghoon/Documents/BYJ-6axis/ros2_ws/build/writer' returned '0': CMAKE_PREFIX_PATH=${CMAKE_PREFIX_PATH}:/home/seunghoon/Documents/BYJ-6axis/ros2_ws/install/sensor:/opt/ros/humble CONDA_PROMPT_MODIFIER=(guest) /usr/bin/cmake --build /home/seunghoon/Documents/BYJ-6axis/ros2_ws/build/writer -- -j24 -l24
[4.026s] Invoking command in '/home/seunghoon/Documents/BYJ-6axis/ros2_ws/build/writer': CMAKE_PREFIX_PATH=${CMAKE_PREFIX_PATH}:/home/seunghoon/Documents/BYJ-6axis/ros2_ws/install/sensor:/opt/ros/humble CONDA_PROMPT_MODIFIER=(guest) /usr/bin/cmake --install /home/seunghoon/Documents/BYJ-6axis/ros2_ws/build/writer
[4.034s] -- Install configuration: ""
[4.034s] -- Up-to-date: /home/seunghoon/Documents/BYJ-6axis/ros2_ws/install/writer/lib/writer/ur_rtde_node
[4.034s] -- Up-to-date: /home/seunghoon/Documents/BYJ-6axis/ros2_ws/install/writer/lib/writer/writer_v2
[4.034s] -- Installing: /home/seunghoon/Documents/BYJ-6axis/ros2_ws/install/writer/lib/writer/writer_sensor
[4.034s] -- Set runtime path of "/home/seunghoon/Documents/BYJ-6axis/ros2_ws/install/writer/lib/writer/writer_sensor" to ""
[4.034s] -- Up-to-date: /home/seunghoon/Documents/BYJ-6axis/ros2_ws/install/writer/share/ament_index/resource_index/package_run_dependencies/writer
[4.034s] -- Up-to-date: /home/seunghoon/Documents/BYJ-6axis/ros2_ws/install/writer/share/ament_index/resource_index/parent_prefix_path/writer
[4.034s] -- Up-to-date: /home/seunghoon/Documents/BYJ-6axis/ros2_ws/install/writer/share/writer/environment/ament_prefix_path.sh
[4.034s] -- Up-to-date: /home/seunghoon/Documents/BYJ-6axis/ros2_ws/install/writer/share/writer/environment/ament_prefix_path.dsv
[4.034s] -- Up-to-date: /home/seunghoon/Documents/BYJ-6axis/ros2_ws/install/writer/share/writer/environment/path.sh
[4.034s] -- Up-to-date: /home/seunghoon/Documents/BYJ-6axis/ros2_ws/install/writer/share/writer/environment/path.dsv
[4.034s] -- Up-to-date: /home/seunghoon/Documents/BYJ-6axis/ros2_ws/install/writer/share/writer/local_setup.bash
[4.034s] -- Up-to-date: /home/seunghoon/Documents/BYJ-6axis/ros2_ws/install/writer/share/writer/local_setup.sh
[4.034s] -- Up-to-date: /home/seunghoon/Documents/BYJ-6axis/ros2_ws/install/writer/share/writer/local_setup.zsh
[4.034s] -- Up-to-date: /home/seunghoon/Documents/BYJ-6axis/ros2_ws/install/writer/share/writer/local_setup.dsv
[4.034s] -- Installing: /home/seunghoon/Documents/BYJ-6axis/ros2_ws/install/writer/share/writer/package.dsv
[4.034s] -- Up-to-date: /home/seunghoon/Documents/BYJ-6axis/ros2_ws/install/writer/share/ament_index/resource_index/packages/writer
[4.034s] -- Up-to-date: /home/seunghoon/Documents/BYJ-6axis/ros2_ws/install/writer/share/writer/cmake/writerConfig.cmake
[4.034s] -- Up-to-date: /home/seunghoon/Documents/BYJ-6axis/ros2_ws/install/writer/share/writer/cmake/writerConfig-version.cmake
[4.034s] -- Up-to-date: /home/seunghoon/Documents/BYJ-6axis/ros2_ws/install/writer/share/writer/package.xml
[4.035s] Invoked command in '/home/seunghoon/Documents/BYJ-6axis/ros2_ws/build/writer' returned '0': CMAKE_PREFIX_PATH=${CMAKE_PREFIX_PATH}:/home/seunghoon/Documents/BYJ-6axis/ros2_ws/install/sensor:/opt/ros/humble CONDA_PROMPT_MODIFIER=(guest) /usr/bin/cmake --install /home/seunghoon/Documents/BYJ-6axis/ros2_ws/build/writer
